=== RUN   TestDeriveNodeAddress_Deterministic
=== PAUSE TestDeriveNodeAddress_Deterministic
=== RUN   TestDeriveNodeAddress_ReturnsExpectedSHA256Prefix
=== PAUSE TestDeriveNodeAddress_ReturnsExpectedSHA256Prefix
=== RUN   TestDeriveNodeAddress_DifferentSVTNYieldsDifferentAddress
=== PAUSE TestDeriveNodeAddress_DifferentSVTNYieldsDifferentAddress
=== RUN   TestDeriveNodeAddress_DifferentPubkeyYieldsDifferentAddress
=== PAUSE TestDeriveNodeAddress_DifferentPubkeyYieldsDifferentAddress
=== RUN   TestEncodeOuterHeader_WireFormatByteOffsets
=== PAUSE TestEncodeOuterHeader_WireFormatByteOffsets
=== RUN   TestEncodeOuterHeader_ExactlyFortyFourBytes
=== PAUSE TestEncodeOuterHeader_ExactlyFortyFourBytes
=== RUN   TestParseEncodeRoundTrip
=== PAUSE TestParseEncodeRoundTrip
=== RUN   TestParseOuterHeader_TooShort
=== PAUSE TestParseOuterHeader_TooShort
=== RUN   TestParseOuterHeader_VersionMismatch
=== PAUSE TestParseOuterHeader_VersionMismatch
=== RUN   TestChannelHeaderOpaque_NotInOuterHeader
=== PAUSE TestChannelHeaderOpaque_NotInOuterHeader
=== CONT  TestDeriveNodeAddress_DifferentSVTNYieldsDifferentAddress
=== CONT  TestEncodeOuterHeader_WireFormatByteOffsets
--- PASS: TestDeriveNodeAddress_DifferentSVTNYieldsDifferentAddress (0.00s)
=== CONT  TestDeriveNodeAddress_DifferentPubkeyYieldsDifferentAddress
=== CONT  TestParseEncodeRoundTrip
=== CONT  TestParseOuterHeader_TooShort
=== CONT  TestEncodeOuterHeader_ExactlyFortyFourBytes
=== CONT  TestDeriveNodeAddress_Deterministic
=== CONT  TestParseOuterHeader_VersionMismatch
--- PASS: TestEncodeOuterHeader_WireFormatByteOffsets (0.00s)
=== CONT  TestChannelHeaderOpaque_NotInOuterHeader
=== RUN   TestParseOuterHeader_VersionMismatch/major=1_(0x10)_returns_ErrVersionMismatch
=== CONT  TestDeriveNodeAddress_ReturnsExpectedSHA256Prefix
=== PAUSE TestParseOuterHeader_VersionMismatch/major=1_(0x10)_returns_ErrVersionMismatch
=== RUN   TestParseEncodeRoundTrip/data_frame_v0.1
=== RUN   TestParseOuterHeader_TooShort/zero_bytes
=== RUN   TestDeriveNodeAddress_Deterministic/ed25519_test_key_A_on_svtn-1
=== PAUSE TestParseOuterHeader_TooShort/zero_bytes
=== PAUSE TestParseEncodeRoundTrip/data_frame_v0.1
=== PAUSE TestDeriveNodeAddress_Deterministic/ed25519_test_key_A_on_svtn-1
--- PASS: TestDeriveNodeAddress_DifferentPubkeyYieldsDifferentAddress (0.00s)
=== RUN   TestParseEncodeRoundTrip/empty_tick_frame_with_non-zero_payload_len
=== RUN   TestParseOuterHeader_TooShort/one_byte
=== RUN   TestParseOuterHeader_VersionMismatch/major=15_(0xF0)_returns_ErrVersionMismatch
--- PASS: TestEncodeOuterHeader_ExactlyFortyFourBytes (0.00s)
=== PAUSE TestParseEncodeRoundTrip/empty_tick_frame_with_non-zero_payload_len
=== RUN   TestDeriveNodeAddress_Deterministic/ed25519_test_key_B_on_svtn-1_(different_key,_same_svtn_→_different_address)
=== PAUSE TestParseOuterHeader_TooShort/one_byte
--- PASS: TestChannelHeaderOpaque_NotInOuterHeader (0.00s)
=== PAUSE TestDeriveNodeAddress_Deterministic/ed25519_test_key_B_on_svtn-1_(different_key,_same_svtn_→_different_address)
--- PASS: TestDeriveNodeAddress_ReturnsExpectedSHA256Prefix (0.00s)
=== RUN   TestParseEncodeRoundTrip/ctl_frame_all-zero_svtn_id_(EC-002)
=== RUN   TestParseOuterHeader_TooShort/half_size
=== PAUSE TestParseEncodeRoundTrip/ctl_frame_all-zero_svtn_id_(EC-002)
=== PAUSE TestParseOuterHeader_TooShort/half_size
=== PAUSE TestParseOuterHeader_VersionMismatch/major=15_(0xF0)_returns_ErrVersionMismatch
=== RUN   TestParseOuterHeader_TooShort/one_short
=== RUN   TestDeriveNodeAddress_Deterministic/same_key_A_on_svtn-2_(same_key,_different_svtn_→_different_address,_EC-003)
=== RUN   TestParseOuterHeader_VersionMismatch/major=0_minor=5_(0x05)_does_NOT_return_ErrVersionMismatch
=== PAUSE TestParseOuterHeader_TooShort/one_short
=== PAUSE TestParseOuterHeader_VersionMismatch/major=0_minor=5_(0x05)_does_NOT_return_ErrVersionMismatch
=== CONT  TestParseOuterHeader_TooShort/one_short
=== RUN   TestParseEncodeRoundTrip/arq_frame_src_equals_dst_(EC-003)
=== PAUSE TestDeriveNodeAddress_Deterministic/same_key_A_on_svtn-2_(same_key,_different_svtn_→_different_address,_EC-003)
=== PAUSE TestParseEncodeRoundTrip/arq_frame_src_equals_dst_(EC-003)
=== RUN   TestDeriveNodeAddress_Deterministic/short_public_key_(8_bytes)
=== CONT  TestParseOuterHeader_VersionMismatch/major=1_(0x10)_returns_ErrVersionMismatch
=== PAUSE TestDeriveNodeAddress_Deterministic/short_public_key_(8_bytes)
=== CONT  TestParseOuterHeader_VersionMismatch/major=0_minor=5_(0x05)_does_NOT_return_ErrVersionMismatch
=== RUN   TestDeriveNodeAddress_Deterministic/all-zero_svtn_id_(EC-002_canonical_—_valid_encoding_per_wire_format)
=== CONT  TestParseOuterHeader_VersionMismatch/major=15_(0xF0)_returns_ErrVersionMismatch
=== CONT  TestParseOuterHeader_TooShort/one_byte
=== CONT  TestParseOuterHeader_TooShort/half_size
=== RUN   TestParseEncodeRoundTrip/fec_frame_all-ones_hmac_tag_(max-value_boundary)
=== CONT  TestParseOuterHeader_TooShort/zero_bytes
--- PASS: TestParseOuterHeader_VersionMismatch (0.00s)
    --- PASS: TestParseOuterHeader_VersionMismatch/major=1_(0x10)_returns_ErrVersionMismatch (0.00s)
    --- PASS: TestParseOuterHeader_VersionMismatch/major=0_minor=5_(0x05)_does_NOT_return_ErrVersionMismatch (0.00s)
    --- PASS: TestParseOuterHeader_VersionMismatch/major=15_(0xF0)_returns_ErrVersionMismatch (0.00s)
=== PAUSE TestParseEncodeRoundTrip/fec_frame_all-ones_hmac_tag_(max-value_boundary)
=== PAUSE TestDeriveNodeAddress_Deterministic/all-zero_svtn_id_(EC-002_canonical_—_valid_encoding_per_wire_format)
=== RUN   TestParseEncodeRoundTrip/data_frame_all-zero_hmac_tag_(EC-004)
=== CONT  TestDeriveNodeAddress_Deterministic/ed25519_test_key_A_on_svtn-1
--- PASS: TestParseOuterHeader_TooShort (0.00s)
    --- PASS: TestParseOuterHeader_TooShort/one_short (0.00s)
    --- PASS: TestParseOuterHeader_TooShort/one_byte (0.00s)
    --- PASS: TestParseOuterHeader_TooShort/half_size (0.00s)
    --- PASS: TestParseOuterHeader_TooShort/zero_bytes (0.00s)
=== CONT  TestDeriveNodeAddress_Deterministic/all-zero_svtn_id_(EC-002_canonical_—_valid_encoding_per_wire_format)
=== CONT  TestDeriveNodeAddress_Deterministic/same_key_A_on_svtn-2_(same_key,_different_svtn_→_different_address,_EC-003)
=== CONT  TestDeriveNodeAddress_Deterministic/short_public_key_(8_bytes)
=== CONT  TestDeriveNodeAddress_Deterministic/ed25519_test_key_B_on_svtn-1_(different_key,_same_svtn_→_different_address)
=== PAUSE TestParseEncodeRoundTrip/data_frame_all-zero_hmac_tag_(EC-004)
=== RUN   TestParseEncodeRoundTrip/data_frame_payload_len=1
=== PAUSE TestParseEncodeRoundTrip/data_frame_payload_len=1
--- PASS: TestDeriveNodeAddress_Deterministic (0.00s)
    --- PASS: TestDeriveNodeAddress_Deterministic/ed25519_test_key_A_on_svtn-1 (0.00s)
    --- PASS: TestDeriveNodeAddress_Deterministic/all-zero_svtn_id_(EC-002_canonical_—_valid_encoding_per_wire_format) (0.00s)
    --- PASS: TestDeriveNodeAddress_Deterministic/same_key_A_on_svtn-2_(same_key,_different_svtn_→_different_address,_EC-003) (0.00s)
    --- PASS: TestDeriveNodeAddress_Deterministic/short_public_key_(8_bytes) (0.00s)
    --- PASS: TestDeriveNodeAddress_Deterministic/ed25519_test_key_B_on_svtn-1_(different_key,_same_svtn_→_different_address) (0.00s)
=== RUN   TestParseEncodeRoundTrip/ctl_frame_minor_version_boundary
=== PAUSE TestParseEncodeRoundTrip/ctl_frame_minor_version_boundary
=== RUN   TestParseEncodeRoundTrip/fec_frame_max_payload_len_boundary
=== PAUSE TestParseEncodeRoundTrip/fec_frame_max_payload_len_boundary
=== RUN   TestParseEncodeRoundTrip/arq_frame_distinctive_bit_patterns
=== PAUSE TestParseEncodeRoundTrip/arq_frame_distinctive_bit_patterns
=== RUN   TestParseEncodeRoundTrip/data_frame_all_fields_distinguished
=== PAUSE TestParseEncodeRoundTrip/data_frame_all_fields_distinguished
=== CONT  TestParseEncodeRoundTrip/empty_tick_frame_with_non-zero_payload_len
=== CONT  TestParseEncodeRoundTrip/arq_frame_distinctive_bit_patterns
=== CONT  TestParseEncodeRoundTrip/data_frame_all-zero_hmac_tag_(EC-004)
=== CONT  TestParseEncodeRoundTrip/data_frame_v0.1
=== CONT  TestParseEncodeRoundTrip/arq_frame_src_equals_dst_(EC-003)
=== CONT  TestParseEncodeRoundTrip/ctl_frame_all-zero_svtn_id_(EC-002)
=== CONT  TestParseEncodeRoundTrip/ctl_frame_minor_version_boundary
=== CONT  TestParseEncodeRoundTrip/data_frame_all_fields_distinguished
=== CONT  TestParseEncodeRoundTrip/fec_frame_all-ones_hmac_tag_(max-value_boundary)
=== CONT  TestParseEncodeRoundTrip/data_frame_payload_len=1
=== CONT  TestParseEncodeRoundTrip/fec_frame_max_payload_len_boundary
--- PASS: TestParseEncodeRoundTrip (0.00s)
    --- PASS: TestParseEncodeRoundTrip/empty_tick_frame_with_non-zero_payload_len (0.00s)
    --- PASS: TestParseEncodeRoundTrip/arq_frame_distinctive_bit_patterns (0.00s)
    --- PASS: TestParseEncodeRoundTrip/data_frame_all-zero_hmac_tag_(EC-004) (0.00s)
    --- PASS: TestParseEncodeRoundTrip/data_frame_v0.1 (0.00s)
    --- PASS: TestParseEncodeRoundTrip/ctl_frame_minor_version_boundary (0.00s)
    --- PASS: TestParseEncodeRoundTrip/ctl_frame_all-zero_svtn_id_(EC-002) (0.00s)
    --- PASS: TestParseEncodeRoundTrip/arq_frame_src_equals_dst_(EC-003) (0.00s)
    --- PASS: TestParseEncodeRoundTrip/data_frame_all_fields_distinguished (0.00s)
    --- PASS: TestParseEncodeRoundTrip/fec_frame_all-ones_hmac_tag_(max-value_boundary) (0.00s)
    --- PASS: TestParseEncodeRoundTrip/data_frame_payload_len=1 (0.00s)
    --- PASS: TestParseEncodeRoundTrip/fec_frame_max_payload_len_boundary (0.00s)
=== RUN   FuzzEncodeParseRoundTrip
=== RUN   FuzzEncodeParseRoundTrip/seed#0
=== RUN   FuzzEncodeParseRoundTrip/seed#1
=== RUN   FuzzEncodeParseRoundTrip/seed#2
=== RUN   FuzzEncodeParseRoundTrip/seed#3
=== RUN   FuzzEncodeParseRoundTrip/seed#4
=== RUN   FuzzEncodeParseRoundTrip/seed#5
--- PASS: FuzzEncodeParseRoundTrip (0.00s)
    --- PASS: FuzzEncodeParseRoundTrip/seed#0 (0.00s)
    --- PASS: FuzzEncodeParseRoundTrip/seed#1 (0.00s)
    --- PASS: FuzzEncodeParseRoundTrip/seed#2 (0.00s)
    --- PASS: FuzzEncodeParseRoundTrip/seed#3 (0.00s)
    --- PASS: FuzzEncodeParseRoundTrip/seed#4 (0.00s)
    --- PASS: FuzzEncodeParseRoundTrip/seed#5 (0.00s)
PASS
ok  	github.com/arcavenae/switchboard/internal/frame	1.316s
